f:\for me\projects\vs projects\gameproject_castlevania\castlevania\debug\vc141.pdb
f:\for me\projects\vs projects\gameproject_castlevania\castlevania\debug\vc141.idb
f:\for me\projects\vs projects\gameproject_castlevania\castlevania\debug\textures.obj
f:\for me\projects\vs projects\gameproject_castlevania\castlevania\debug\subweapons.obj
f:\for me\projects\vs projects\gameproject_castlevania\castlevania\debug\sprites.obj
f:\for me\projects\vs projects\gameproject_castlevania\castlevania\debug\simon.obj
f:\for me\projects\vs projects\gameproject_castlevania\castlevania\debug\scenemanager.obj
f:\for me\projects\vs projects\gameproject_castlevania\castlevania\debug\scene.obj
f:\for me\projects\vs projects\gameproject_castlevania\castlevania\debug\misc.obj
f:\for me\projects\vs projects\gameproject_castlevania\castlevania\debug\item.obj
f:\for me\projects\vs projects\gameproject_castlevania\castlevania\debug\inputdevice.obj
f:\for me\projects\vs projects\gameproject_castlevania\castlevania\debug\bricks.obj
f:\for me\projects\vs projects\gameproject_castlevania\castlevania\debug\grid.obj
f:\for me\projects\vs projects\gameproject_castlevania\castlevania\debug\graphics.obj
f:\for me\projects\vs projects\gameproject_castlevania\castlevania\debug\gameobject.obj
f:\for me\projects\vs projects\gameproject_castlevania\castlevania\debug\gamemenuscene.obj
f:\for me\projects\vs projects\gameproject_castlevania\castlevania\debug\gameintroscene.obj
f:\for me\projects\vs projects\gameproject_castlevania\castlevania\debug\game.obj
f:\for me\projects\vs projects\gameproject_castlevania\castlevania\debug\database.obj
f:\for me\projects\vs projects\gameproject_castlevania\castlevania\debug\candles.obj
f:\for me\projects\vs projects\gameproject_castlevania\castlevania\debug\animations.obj
f:\for me\projects\vs projects\gameproject_castlevania\castlevania\debug\winmain.obj
f:\for me\projects\vs projects\gameproject_castlevania\castlevania\debug\whip.obj
f:\for me\projects\vs projects\gameproject_castlevania\castlevania\debug\viewport.obj
f:\for me\projects\vs projects\gameproject_castlevania\castlevania\debug\ui.obj
f:\for me\projects\vs projects\gameproject_castlevania\castlevania\debug\tilemap.obj
f:\for me\projects\vs projects\gameproject_castlevania\castlevania\debug\gameentrancescene.obj
f:\for me\projects\vs projects\gameproject_castlevania\debug\castlevania.exe
f:\for me\projects\vs projects\gameproject_castlevania\debug\castlevania.ilk
f:\for me\projects\vs projects\gameproject_castlevania\debug\castlevania.pdb
f:\for me\projects\vs projects\gameproject_castlevania\castlevania\debug\castlevania.res
f:\for me\projects\vs projects\gameproject_castlevania\castlevania\debug\castlevania.tlog\cl.command.1.tlog
f:\for me\projects\vs projects\gameproject_castlevania\castlevania\debug\castlevania.tlog\cl.read.1.tlog
f:\for me\projects\vs projects\gameproject_castlevania\castlevania\debug\castlevania.tlog\cl.write.1.tlog
f:\for me\projects\vs projects\gameproject_castlevania\castlevania\debug\castlevania.tlog\link.command.1.tlog
f:\for me\projects\vs projects\gameproject_castlevania\castlevania\debug\castlevania.tlog\link.read.1.tlog
f:\for me\projects\vs projects\gameproject_castlevania\castlevania\debug\castlevania.tlog\link.write.1.tlog
f:\for me\projects\vs projects\gameproject_castlevania\castlevania\debug\castlevania.tlog\rc.command.1.tlog
f:\for me\projects\vs projects\gameproject_castlevania\castlevania\debug\castlevania.tlog\rc.read.1.tlog
f:\for me\projects\vs projects\gameproject_castlevania\castlevania\debug\castlevania.tlog\rc.write.1.tlog
